android/app/build/intermediates/manifest_merge_blame_file/release/processReleaseMainManifest/manifest-merger-blame-release-report.txt
1<?xml version="1.0" encoding="utf-8"?>
2<manifest xmlns:android="http://schemas.android.com/apk/res/android"
3    package="com.xe2ldl.orbitaprs"
4    android:versionCode="1"
5    android:versionName="0.1.0-rc" >
6
7    <uses-sdk
8        android:minSdkVersion="24"
9        android:targetSdkVersion="36" />
10
11    <uses-permission android:name="android.permission.INTERNET" />
11-->src\main\AndroidManifest.xml:5:5-67
11-->src\main\AndroidManifest.xml:5:22-64
12    <uses-permission
12-->src\main\AndroidManifest.xml:6:5-68
13        android:name="android.permission.BLUETOOTH"
13-->src\main\AndroidManifest.xml:6:22-65
14        android:maxSdkVersion="30" />
14-->[:capacitor-community-bluetooth-le] AndroidManifest.xml:12:9-35
15    <uses-permission
15-->src\main\AndroidManifest.xml:7:5-74
16        android:name="android.permission.BLUETOOTH_ADMIN"
16-->src\main\AndroidManifest.xml:7:22-71
17        android:maxSdkVersion="30" />
17-->[:capacitor-community-bluetooth-le] AndroidManifest.xml:15:9-35
18    <uses-permission android:name="android.permission.BLUETOOTH_CONNECT" />
18-->src\main\AndroidManifest.xml:8:5-9:31
18-->src\main\AndroidManifest.xml:8:22-73
19    <uses-permission android:name="android.permission.BLUETOOTH_SCAN" />
19-->src\main\AndroidManifest.xml:10:5-11:31
19-->src\main\AndroidManifest.xml:10:22-70
20    <uses-permission android:name="android.permission.ACCESS_FINE_LOCATION" />
20-->src\main\AndroidManifest.xml:12:5-79
20-->src\main\AndroidManifest.xml:12:22-76
21    <uses-permission android:name="android.permission.ACCESS_COARSE_LOCATION" />
21-->src\main\AndroidManifest.xml:13:5-81
21-->src\main\AndroidManifest.xml:13:22-78
22    <uses-permission android:name="android.permission.USB_PERMISSION" />
22-->src\main\AndroidManifest.xml:14:5-73
22-->src\main\AndroidManifest.xml:14:22-70
23
24    <uses-feature
24-->src\main\AndroidManifest.xml:16:5-91
25        android:name="android.hardware.bluetooth_le"
25-->src\main\AndroidManifest.xml:16:19-63
26        android:required="false" />
26-->src\main\AndroidManifest.xml:16:64-88
27    <uses-feature
27-->src\main\AndroidManifest.xml:17:5-87
28        android:name="android.hardware.usb.host"
28-->src\main\AndroidManifest.xml:17:19-59
29        android:required="false" />
29-->src\main\AndroidManifest.xml:17:60-84
30    <uses-feature
30-->[:e-is-capacitor-bluetooth-serial] AndroidManifest.xml:23:5-25:36
31        android:name="android.hardware.bluetooth"
31-->[:e-is-capacitor-bluetooth-serial] AndroidManifest.xml:24:9-50
32        android:required="false" />
32-->[:e-is-capacitor-bluetooth-serial] AndroidManifest.xml:25:9-33
33
34    <permission
34-->[androidx.core:core:1.17.0] AndroidManifest.xml:22:5-24:47
35        android:name="com.xe2ldl.orbitaprs.DYNAMIC_RECEIVER_NOT_EXPORTED_PERMISSION"
35-->[androidx.core:core:1.17.0] AndroidManifest.xml:23:9-81
36        android:protectionLevel="signature" />
36-->[androidx.core:core:1.17.0] AndroidManifest.xml:24:9-44
37
38    <uses-permission android:name="com.xe2ldl.orbitaprs.DYNAMIC_RECEIVER_NOT_EXPORTED_PERMISSION" />
38-->[androidx.core:core:1.17.0] AndroidManifest.xml:26:5-97
38-->[androidx.core:core:1.17.0] AndroidManifest.xml:26:22-94
39
40    <application
40-->src\main\AndroidManifest.xml:19:5-59:19
41        android:allowBackup="true"
41-->src\main\AndroidManifest.xml:20:9-35
42        android:appComponentFactory="androidx.core.app.CoreComponentFactory"
42-->[androidx.core:core:1.17.0] AndroidManifest.xml:28:18-86
43        android:extractNativeLibs="false"
44        android:icon="@mipmap/ic_launcher"
44-->src\main\AndroidManifest.xml:21:9-43
45        android:label="@string/app_name"
45-->src\main\AndroidManifest.xml:22:9-41
46        android:roundIcon="@mipmap/ic_launcher_round"
46-->src\main\AndroidManifest.xml:23:9-54
47        android:supportsRtl="true"
47-->src\main\AndroidManifest.xml:24:9-35
48        android:theme="@style/AppTheme"
48-->src\main\AndroidManifest.xml:25:9-40
49        android:usesCleartextTraffic="true" >
49-->src\main\AndroidManifest.xml:26:9-44
50        <activity
50-->src\main\AndroidManifest.xml:28:9-48:20
51            android:name="com.xe2ldl.orbitaprs.MainActivity"
51-->src\main\AndroidManifest.xml:30:13-41
52            android:configChanges="orientation|keyboardHidden|keyboard|screenSize|locale|smallestScreenSize|screenLayout|uiMode|navigation|density"
52-->src\main\AndroidManifest.xml:29:13-148
53            android:exported="true"
53-->src\main\AndroidManifest.xml:34:13-36
54            android:label="@string/title_activity_main"
54-->src\main\AndroidManifest.xml:31:13-56
55            android:launchMode="singleTask"
55-->src\main\AndroidManifest.xml:33:13-44
56            android:theme="@style/AppTheme.NoActionBarLaunch" >
56-->src\main\AndroidManifest.xml:32:13-62
57            <intent-filter>
57-->src\main\AndroidManifest.xml:36:13-39:29
58                <action android:name="android.intent.action.MAIN" />
58-->src\main\AndroidManifest.xml:37:17-69
58-->src\main\AndroidManifest.xml:37:25-66
59
60                <category android:name="android.intent.category.LAUNCHER" />
60-->src\main\AndroidManifest.xml:38:17-77
60-->src\main\AndroidManifest.xml:38:27-74
61            </intent-filter>
62            <intent-filter>
62-->src\main\AndroidManifest.xml:41:13-43:29
63                <action android:name="android.hardware.usb.action.USB_DEVICE_ATTACHED" />
63-->src\main\AndroidManifest.xml:42:17-90
63-->src\main\AndroidManifest.xml:42:25-87
64            </intent-filter>
65
66            <meta-data
66-->src\main\AndroidManifest.xml:45:13-47:57
67                android:name="android.hardware.usb.action.USB_DEVICE_ATTACHED"
67-->src\main\AndroidManifest.xml:46:17-79
68                android:resource="@xml/device_filter" />
68-->src\main\AndroidManifest.xml:47:17-54
69        </activity>
70
71        <provider
72            android:name="androidx.core.content.FileProvider"
72-->src\main\AndroidManifest.xml:51:13-62
73            android:authorities="com.xe2ldl.orbitaprs.fileprovider"
73-->src\main\AndroidManifest.xml:52:13-64
74            android:exported="false"
74-->src\main\AndroidManifest.xml:53:13-37
75            android:grantUriPermissions="true" >
75-->src\main\AndroidManifest.xml:54:13-47
76            <meta-data
76-->src\main\AndroidManifest.xml:55:13-57:54
77                android:name="android.support.FILE_PROVIDER_PATHS"
77-->src\main\AndroidManifest.xml:56:17-67
78                android:resource="@xml/file_paths" />
78-->src\main\AndroidManifest.xml:57:17-51
79        </provider>
80        <provider
80-->[androidx.emoji2:emoji2:1.3.0] AndroidManifest.xml:24:9-32:20
81            android:name="androidx.startup.InitializationProvider"
81-->[androidx.emoji2:emoji2:1.3.0] AndroidManifest.xml:25:13-67
82            android:authorities="com.xe2ldl.orbitaprs.androidx-startup"
82-->[androidx.emoji2:emoji2:1.3.0] AndroidManifest.xml:26:13-68
83            android:exported="false" >
83-->[androidx.emoji2:emoji2:1.3.0] AndroidManifest.xml:27:13-37
84            <meta-data
84-->[androidx.emoji2:emoji2:1.3.0] AndroidManifest.xml:29:13-31:52
85                android:name="androidx.emoji2.text.EmojiCompatInitializer"
85-->[androidx.emoji2:emoji2:1.3.0] AndroidManifest.xml:30:17-75
86                android:value="androidx.startup" />
86-->[androidx.emoji2:emoji2:1.3.0] AndroidManifest.xml:31:17-49
87            <meta-data
87-->[androidx.lifecycle:lifecycle-process:2.6.2] AndroidManifest.xml:29:13-31:52
88                android:name="androidx.lifecycle.ProcessLifecycleInitializer"
88-->[androidx.lifecycle:lifecycle-process:2.6.2] AndroidManifest.xml:30:17-78
89                android:value="androidx.startup" />
89-->[androidx.lifecycle:lifecycle-process:2.6.2] AndroidManifest.xml:31:17-49
90            <meta-data
90-->[androidx.profileinstaller:profileinstaller:1.4.0] AndroidManifest.xml:29:13-31:52
91                android:name="androidx.profileinstaller.ProfileInstallerInitializer"
91-->[androidx.profileinstaller:profileinstaller:1.4.0] AndroidManifest.xml:30:17-85
92                android:value="androidx.startup" />
92-->[androidx.profileinstaller:profileinstaller:1.4.0] AndroidManifest.xml:31:17-49
93        </provider>
94
95        <receiver
95-->[androidx.profileinstaller:profileinstaller:1.4.0] AndroidManifest.xml:34:9-52:20
96            android:name="androidx.profileinstaller.ProfileInstallReceiver"
96-->[androidx.profileinstaller:profileinstaller:1.4.0] AndroidManifest.xml:35:13-76
97            android:directBootAware="false"
97-->[androidx.profileinstaller:profileinstaller:1.4.0] AndroidManifest.xml:36:13-44
98            android:enabled="true"
98-->[androidx.profileinstaller:profileinstaller:1.4.0] AndroidManifest.xml:37:13-35
99            android:exported="true"
99-->[androidx.profileinstaller:profileinstaller:1.4.0] AndroidManifest.xml:38:13-36
100            android:permission="android.permission.DUMP" >
100-->[androidx.profileinstaller:profileinstaller:1.4.0] AndroidManifest.xml:39:13-57
101            <intent-filter>
101-->[androidx.profileinstaller:profileinstaller:1.4.0] AndroidManifest.xml:40:13-42:29
102                <action android:name="androidx.profileinstaller.action.INSTALL_PROFILE" />
102-->[androidx.profileinstaller:profileinstaller:1.4.0] AndroidManifest.xml:41:17-91
102-->[androidx.profileinstaller:profileinstaller:1.4.0] AndroidManifest.xml:41:25-88
103            </intent-filter>
104            <intent-filter>
104-->[androidx.profileinstaller:profileinstaller:1.4.0] AndroidManifest.xml:43:13-45:29
105                <action android:name="androidx.profileinstaller.action.SKIP_FILE" />
105-->[androidx.profileinstaller:profileinstaller:1.4.0] AndroidManifest.xml:44:17-85
105-->[androidx.profileinstaller:profileinstaller:1.4.0] AndroidManifest.xml:44:25-82
106            </intent-filter>
107            <intent-filter>
107-->[androidx.profileinstaller:profileinstaller:1.4.0] AndroidManifest.xml:46:13-48:29
108                <action android:name="androidx.profileinstaller.action.SAVE_PROFILE" />
108-->[androidx.profileinstaller:profileinstaller:1.4.0] AndroidManifest.xml:47:17-88
108-->[androidx.profileinstaller:profileinstaller:1.4.0] AndroidManifest.xml:47:25-85
109            </intent-filter>
110            <intent-filter>
110-->[androidx.profileinstaller:profileinstaller:1.4.0] AndroidManifest.xml:49:13-51:29
111                <action android:name="androidx.profileinstaller.action.BENCHMARK_OPERATION" />
111-->[androidx.profileinstaller:profileinstaller:1.4.0] AndroidManifest.xml:50:17-95
111-->[androidx.profileinstaller:profileinstaller:1.4.0] AndroidManifest.xml:50:25-92
112            </intent-filter>
113        </receiver>
114    </application>
115
116</manifest>